Command terminated by signal 2
extract elapsed 0:40.14
Command terminated by signal 2
extract elapsed 0:05.82
Command terminated by signal 2
extract elapsed 0:01.58
Command terminated by signal 2
extract elapsed 2:12.31
Command terminated by signal 2
extract elapsed 0:33.16
Command exited with non-zero status 2
defconfig elapsed 0:00.00
Command exited with non-zero status 2
build elapsed 0:00.00
Command terminated by signal 2
extract elapsed 1:03.03
Command exited with non-zero status 2
defconfig elapsed 0:00.00
Command exited with non-zero status 2
build elapsed 0:00.00
Command terminated by signal 2
extract elapsed 0:03.60
Command exited with non-zero status 2
defconfig elapsed 0:00.00
Command exited with non-zero status 2
build elapsed 0:00.00
Command terminated by signal 2
extract elapsed 0:02.06
Command exited with non-zero status 2
defconfig elapsed 0:00.00
Command exited with non-zero status 2
build elapsed 0:00.00
Command terminated by signal 2
extract elapsed 0:03.78
Command exited with non-zero status 2
defconfig elapsed 0:00.00
Command exited with non-zero status 2
build elapsed 0:00.00
Command terminated by signal 2
extract elapsed 0:03.50
Command exited with non-zero status 2
defconfig elapsed 0:00.00
Command exited with non-zero status 2
build elapsed 0:00.00
Command terminated by signal 2
extract elapsed 0:04.66
Command exited with non-zero status 2
defconfig elapsed 0:00.00
Command exited with non-zero status 2
build elapsed 0:00.00
Command terminated by signal 2
extract elapsed 0:02.42
Command exited with non-zero status 2
defconfig elapsed 0:00.00
Command exited with non-zero status 2
build elapsed 0:00.00
Command terminated by signal 2
extract elapsed 0:09.44
Command exited with non-zero status 2
defconfig elapsed 0:00.00
Command exited with non-zero status 2
build elapsed 0:00.00
Command terminated by signal 2
extract elapsed 0:12.16
Command exited with non-zero status 2
defconfig elapsed 0:00.00
Command exited with non-zero status 2
build elapsed 0:00.00
Command terminated by signal 2
extract elapsed 8:46.06
Command exited with non-zero status 2
defconfig elapsed 0:00.03
Command exited with non-zero status 2
build elapsed 0:00.00
Command terminated by signal 2
extract elapsed 3:19.80
Command exited with non-zero status 2
defconfig elapsed 0:00.03
Command exited with non-zero status 2
build elapsed 0:00.00
